<?xml version="1.0" encoding="UTF-8"?>
<testsuite xmlns:xsi="http://www.w3.org/2001/XMLSchema-instance"
           xsi:noNamespaceSchemaLocation="https://maven.apache.org/surefire/maven-surefire-plugin/xsd/surefire-test-report.xsd"
           name="com.hbase.haxwell.HaxwellIntegrationTest" time="20.594" tests="3" errors="0" skipped="0" failures="0">
    <properties>
        <property name="sun.desktop" value="gnome"/>
        <property name="awt.toolkit" value="sun.awt.X11.XToolkit"/>
        <property name="file.encoding.pkg" value="sun.io"/>
        <property name="java.specification.version" value="1.8"/>
        <property name="sun.cpu.isalist" value=""/>
        <property name="sun.jnu.encoding" value="UTF-8"/>
        <property name="java.class.path"
                  value="/home/phaneesh/devzone/oss/haxwell/target/test-classes:/home/phaneesh/devzone/oss/haxwell/target/classes:/home/phaneesh/.m2/repository/org/apache/hbase/hbase-server/1.1.2.2.6.1.0-129/hbase-server-1.1.2.2.6.1.0-129.jar:/home/phaneesh/.m2/repository/org/apache/hbase/hbase-common/1.1.2.2.6.1.0-129/hbase-common-1.1.2.2.6.1.0-129.jar:/home/phaneesh/.m2/repository/org/apache/hbase/hbase-protocol/1.1.2.2.6.1.0-129/hbase-protocol-1.1.2.2.6.1.0-129.jar:/home/phaneesh/.m2/repository/org/apache/hbase/hbase-procedure/1.1.2.2.6.1.0-129/hbase-procedure-1.1.2.2.6.1.0-129.jar:/home/phaneesh/.m2/repository/org/apache/hbase/hbase-client/1.1.2.2.6.1.0-129/hbase-client-1.1.2.2.6.1.0-129.jar:/home/phaneesh/.m2/repository/org/apache/hbase/hbase-prefix-tree/1.1.2.2.6.1.0-129/hbase-prefix-tree-1.1.2.2.6.1.0-129.jar:/home/phaneesh/.m2/repository/org/apache/hadoop/hadoop-distcp/2.7.3.2.6.1.0-129/hadoop-distcp-2.7.3.2.6.1.0-129.jar:/home/phaneesh/.m2/repository/commons-codec/commons-codec/1.9/commons-codec-1.9.jar:/home/phaneesh/.m2/repository/commons-collections/commons-collections/3.2.2/commons-collections-3.2.2.jar:/home/phaneesh/.m2/repository/org/apache/hbase/hbase-hadoop-compat/1.1.2.2.6.1.0-129/hbase-hadoop-compat-1.1.2.2.6.1.0-129.jar:/home/phaneesh/.m2/repository/org/apache/hbase/hbase-hadoop2-compat/1.1.2.2.6.1.0-129/hbase-hadoop2-compat-1.1.2.2.6.1.0-129.jar:/home/phaneesh/.m2/repository/com/yammer/metrics/metrics-core/2.2.0/metrics-core-2.2.0.jar:/home/phaneesh/.m2/repository/org/slf4j/slf4j-api/1.7.2/slf4j-api-1.7.2.jar:/home/phaneesh/.m2/repository/com/google/guava/guava/12.0.1/guava-12.0.1.jar:/home/phaneesh/.m2/repository/com/google/code/findbugs/jsr305/1.3.9/jsr305-1.3.9.jar:/home/phaneesh/.m2/repository/com/google/protobuf/protobuf-java/2.5.0/protobuf-java-2.5.0.jar:/home/phaneesh/.m2/repository/com/sun/jersey/jersey-core/1.9/jersey-core-1.9.jar:/home/phaneesh/.m2/repository/com/sun/jersey/jersey-server/1.9/jersey-server-1.9.jar:/home/phaneesh/.m2/repository/asm/asm/3.1/asm-3.1.jar:/home/phaneesh/.m2/repository/commons-cli/commons-cli/1.2/commons-cli-1.2.jar:/home/phaneesh/.m2/repository/commons-io/commons-io/2.4/commons-io-2.4.jar:/home/phaneesh/.m2/repository/commons-lang/commons-lang/2.6/commons-lang-2.6.jar:/home/phaneesh/.m2/repository/commons-logging/commons-logging/1.2/commons-logging-1.2.jar:/home/phaneesh/.m2/repository/org/apache/commons/commons-math/2.2/commons-math-2.2.jar:/home/phaneesh/.m2/repository/log4j/log4j/1.2.17/log4j-1.2.17.jar:/home/phaneesh/.m2/repository/org/apache/zookeeper/zookeeper/3.4.6.2.6.1.0-129/zookeeper-3.4.6.2.6.1.0-129.jar:/home/phaneesh/.m2/repository/org/slf4j/slf4j-log4j12/1.6.1/slf4j-log4j12-1.6.1.jar:/home/phaneesh/.m2/repository/org/mortbay/jetty/jetty/6.1.26.hwx/jetty-6.1.26.hwx.jar:/home/phaneesh/.m2/repository/org/mortbay/jetty/jetty-util/6.1.26.hwx/jetty-util-6.1.26.hwx.jar:/home/phaneesh/.m2/repository/org/mortbay/jetty/jetty-sslengine/6.1.26.hwx/jetty-sslengine-6.1.26.hwx.jar:/home/phaneesh/.m2/repository/org/mortbay/jetty/jsp-2.1/6.1.14/jsp-2.1-6.1.14.jar:/home/phaneesh/.m2/repository/org/mortbay/jetty/jsp-api-2.1/6.1.14/jsp-api-2.1-6.1.14.jar:/home/phaneesh/.m2/repository/org/mortbay/jetty/servlet-api-2.5/6.1.14/servlet-api-2.5-6.1.14.jar:/home/phaneesh/.m2/repository/org/codehaus/jackson/jackson-core-asl/1.9.13/jackson-core-asl-1.9.13.jar:/home/phaneesh/.m2/repository/org/codehaus/jackson/jackson-mapper-asl/1.9.13/jackson-mapper-asl-1.9.13.jar:/home/phaneesh/.m2/repository/org/codehaus/jackson/jackson-jaxrs/1.9.13/jackson-jaxrs-1.9.13.jar:/home/phaneesh/.m2/repository/tomcat/jasper-compiler/5.5.23/jasper-compiler-5.5.23.jar:/home/phaneesh/.m2/repository/tomcat/jasper-runtime/5.5.23/jasper-runtime-5.5.23.jar:/home/phaneesh/.m2/repository/commons-el/commons-el/1.0/commons-el-1.0.jar:/home/phaneesh/.m2/repository/org/jamon/jamon-runtime/2.4.1/jamon-runtime-2.4.1.jar:/home/phaneesh/.m2/repository/io/netty/netty-all/4.0.23.Final/netty-all-4.0.23.Final.jar:/home/phaneesh/.m2/repository/org/apache/htrace/htrace-core/3.1.0-incubating/htrace-core-3.1.0-incubating.jar:/home/phaneesh/.m2/repository/com/lmax/disruptor/3.3.0/disruptor-3.3.0.jar:/home/phaneesh/.m2/repository/org/apache/hadoop/hadoop-common/2.7.3.2.6.1.0-129/hadoop-common-2.7.3.2.6.1.0-129.jar:/home/phaneesh/.m2/repository/org/apache/hadoop/hadoop-annotations/2.7.3.2.6.1.0-129/hadoop-annotations-2.7.3.2.6.1.0-129.jar:/home/phaneesh/.m2/repository/org/apache/commons/commons-math3/3.1.1/commons-math3-3.1.1.jar:/home/phaneesh/.m2/repository/xmlenc/xmlenc/0.52/xmlenc-0.52.jar:/home/phaneesh/.m2/repository/commons-net/commons-net/3.1/commons-net-3.1.jar:/home/phaneesh/.m2/repository/com/sun/jersey/jersey-json/1.9/jersey-json-1.9.jar:/home/phaneesh/.m2/repository/org/codehaus/jettison/jettison/1.1/jettison-1.1.jar:/home/phaneesh/.m2/repository/com/sun/xml/bind/jaxb-impl/2.2.3-1/jaxb-impl-2.2.3-1.jar:/home/phaneesh/.m2/repository/org/codehaus/jackson/jackson-xc/1.8.3/jackson-xc-1.8.3.jar:/home/phaneesh/.m2/repository/net/java/dev/jets3t/jets3t/0.9.0/jets3t-0.9.0.jar:/home/phaneesh/.m2/repository/org/apache/httpcomponents/httpcore/4.1.2/httpcore-4.1.2.jar:/home/phaneesh/.m2/repository/com/jamesmurty/utils/java-xmlbuilder/0.4/java-xmlbuilder-0.4.jar:/home/phaneesh/.m2/repository/com/microsoft/azure/azure-storage/4.2.0/azure-storage-4.2.0.jar:/home/phaneesh/.m2/repository/com/fasterxml/jackson/core/jackson-core/2.6.0/jackson-core-2.6.0.jar:/home/phaneesh/.m2/repository/org/apache/commons/commons-lang3/3.4/commons-lang3-3.4.jar:/home/phaneesh/.m2/repository/com/microsoft/azure/azure-keyvault-core/0.8.0/azure-keyvault-core-0.8.0.jar:/home/phaneesh/.m2/repository/commons-configuration/commons-configuration/1.6/commons-configuration-1.6.jar:/home/phaneesh/.m2/repository/commons-digester/commons-digester/1.8/commons-digester-1.8.jar:/home/phaneesh/.m2/repository/commons-beanutils/commons-beanutils/1.7.0/commons-beanutils-1.7.0.jar:/home/phaneesh/.m2/repository/commons-beanutils/commons-beanutils-core/1.8.0/commons-beanutils-core-1.8.0.jar:/home/phaneesh/.m2/repository/org/apache/avro/avro/1.7.4/avro-1.7.4.jar:/home/phaneesh/.m2/repository/com/thoughtworks/paranamer/paranamer/2.3/paranamer-2.3.jar:/home/phaneesh/.m2/repository/org/xerial/snappy/snappy-java/1.0.4.1/snappy-java-1.0.4.1.jar:/home/phaneesh/.m2/repository/com/google/code/gson/gson/2.2.4/gson-2.2.4.jar:/home/phaneesh/.m2/repository/com/jcraft/jsch/0.1.54/jsch-0.1.54.jar:/home/phaneesh/.m2/repository/org/apache/curator/curator-client/2.7.1/curator-client-2.7.1.jar:/home/phaneesh/.m2/repository/org/apache/curator/curator-recipes/2.7.1/curator-recipes-2.7.1.jar:/home/phaneesh/.m2/repository/org/apache/commons/commons-compress/1.4.1/commons-compress-1.4.1.jar:/home/phaneesh/.m2/repository/org/tukaani/xz/1.0/xz-1.0.jar:/home/phaneesh/.m2/repository/org/apache/hadoop/hadoop-auth/2.7.3.2.6.1.0-129/hadoop-auth-2.7.3.2.6.1.0-129.jar:/home/phaneesh/.m2/repository/org/apache/httpcomponents/httpclient/4.5.2/httpclient-4.5.2.jar:/home/phaneesh/.m2/repository/com/nimbusds/nimbus-jose-jwt/3.9/nimbus-jose-jwt-3.9.jar:/home/phaneesh/.m2/repository/net/jcip/jcip-annotations/1.0/jcip-annotations-1.0.jar:/home/phaneesh/.m2/repository/net/minidev/json-smart/1.1.1/json-smart-1.1.1.jar:/home/phaneesh/.m2/repository/org/apache/directory/server/apacheds-kerberos-codec/2.0.0-M15/apacheds-kerberos-codec-2.0.0-M15.jar:/home/phaneesh/.m2/repository/org/apache/directory/server/apacheds-i18n/2.0.0-M15/apacheds-i18n-2.0.0-M15.jar:/home/phaneesh/.m2/repository/org/apache/directory/api/api-asn1-api/1.0.0-M20/api-asn1-api-1.0.0-M20.jar:/home/phaneesh/.m2/repository/org/apache/directory/api/api-util/1.0.0-M20/api-util-1.0.0-M20.jar:/home/phaneesh/.m2/repository/org/apache/curator/curator-framework/2.7.1/curator-framework-2.7.1.jar:/home/phaneesh/.m2/repository/org/apache/hadoop/hadoop-client/2.7.3.2.6.1.0-129/hadoop-client-2.7.3.2.6.1.0-129.jar:/home/phaneesh/.m2/repository/org/apache/hadoop/hadoop-mapreduce-client-core/2.7.3.2.6.1.0-129/hadoop-mapreduce-client-core-2.7.3.2.6.1.0-129.jar:/home/phaneesh/.m2/repository/org/apache/hadoop/hadoop-yarn-common/2.7.3.2.6.1.0-129/hadoop-yarn-common-2.7.3.2.6.1.0-129.jar:/home/phaneesh/.m2/repository/javax/xml/bind/jaxb-api/2.2.2/jaxb-api-2.2.2.jar:/home/phaneesh/.m2/repository/javax/xml/stream/stax-api/1.0-2/stax-api-1.0-2.jar:/home/phaneesh/.m2/repository/javax/activation/activation/1.1/activation-1.1.jar:/home/phaneesh/.m2/repository/com/sun/jersey/jersey-client/1.9/jersey-client-1.9.jar:/home/phaneesh/.m2/repository/com/google/inject/guice/3.0/guice-3.0.jar:/home/phaneesh/.m2/repository/javax/inject/javax.inject/1/javax.inject-1.jar:/home/phaneesh/.m2/repository/aopalliance/aopalliance/1.0/aopalliance-1.0.jar:/home/phaneesh/.m2/repository/com/sun/jersey/contribs/jersey-guice/1.9/jersey-guice-1.9.jar:/home/phaneesh/.m2/repository/com/google/inject/extensions/guice-servlet/3.0/guice-servlet-3.0.jar:/home/phaneesh/.m2/repository/org/apache/hadoop/hadoop-hdfs/2.7.3.2.6.1.0-129/hadoop-hdfs-2.7.3.2.6.1.0-129.jar:/home/phaneesh/.m2/repository/com/squareup/okhttp/okhttp/2.4.0/okhttp-2.4.0.jar:/home/phaneesh/.m2/repository/com/squareup/okio/okio/1.4.0/okio-1.4.0.jar:/home/phaneesh/.m2/repository/commons-daemon/commons-daemon/1.0.13/commons-daemon-1.0.13.jar:/home/phaneesh/.m2/repository/io/netty/netty/3.6.2.Final/netty-3.6.2.Final.jar:/home/phaneesh/.m2/repository/xerces/xercesImpl/2.9.1/xercesImpl-2.9.1.jar:/home/phaneesh/.m2/repository/xml-apis/xml-apis/1.3.04/xml-apis-1.3.04.jar:/home/phaneesh/.m2/repository/org/fusesource/leveldbjni/leveldbjni-all/1.8/leveldbjni-all-1.8.jar:/home/phaneesh/.m2/repository/com/fasterxml/jackson/core/jackson-databind/2.2.3/jackson-databind-2.2.3.jar:/home/phaneesh/.m2/repository/com/fasterxml/jackson/core/jackson-annotations/2.2.3/jackson-annotations-2.2.3.jar:/home/phaneesh/.m2/repository/com/github/stephenc/findbugs/findbugs-annotations/1.3.9-1/findbugs-annotations-1.3.9-1.jar:/home/phaneesh/.m2/repository/org/projectlombok/lombok/1.18.2/lombok-1.18.2.jar:/home/phaneesh/.m2/repository/junit/junit/4.11/junit-4.11.jar:/home/phaneesh/.m2/repository/org/hamcrest/hamcrest-core/1.3/hamcrest-core-1.3.jar:/home/phaneesh/.m2/repository/org/mockito/mockito-core/2.23.4/mockito-core-2.23.4.jar:/home/phaneesh/.m2/repository/net/bytebuddy/byte-buddy/1.9.3/byte-buddy-1.9.3.jar:/home/phaneesh/.m2/repository/net/bytebuddy/byte-buddy-agent/1.9.3/byte-buddy-agent-1.9.3.jar:/home/phaneesh/.m2/repository/org/objenesis/objenesis/2.6/objenesis-2.6.jar:/home/phaneesh/.m2/repository/org/apache/hbase/hbase-client/1.1.2.2.6.1.0-129/hbase-client-1.1.2.2.6.1.0-129-tests.jar:/home/phaneesh/.m2/repository/org/apache/hbase/hbase-annotations/1.1.2.2.6.1.0-129/hbase-annotations-1.1.2.2.6.1.0-129.jar:/usr/lib/jvm/java-8-oracle/jre/../lib/tools.jar:/home/phaneesh/.m2/repository/org/jruby/jcodings/jcodings/1.0.8/jcodings-1.0.8.jar:/home/phaneesh/.m2/repository/org/jruby/joni/joni/2.1.2/joni-2.1.2.jar:/home/phaneesh/.m2/repository/org/apache/hbase/hbase-common/1.1.2.2.6.1.0-129/hbase-common-1.1.2.2.6.1.0-129-tests.jar:/home/phaneesh/.m2/repository/org/apache/hadoop/hadoop-minicluster/2.7.3.2.6.1.0-129/hadoop-minicluster-2.7.3.2.6.1.0-129.jar:/home/phaneesh/.m2/repository/org/apache/hadoop/hadoop-common/2.7.3.2.6.1.0-129/hadoop-common-2.7.3.2.6.1.0-129-tests.jar:/home/phaneesh/.m2/repository/javax/servlet/servlet-api/2.5/servlet-api-2.5.jar:/home/phaneesh/.m2/repository/javax/servlet/jsp/jsp-api/2.1/jsp-api-2.1.jar:/home/phaneesh/.m2/repository/org/apache/hadoop/hadoop-hdfs/2.7.3.2.6.1.0-129/hadoop-hdfs-2.7.3.2.6.1.0-129-tests.jar:/home/phaneesh/.m2/repository/org/apache/hadoop/hadoop-yarn-server-tests/2.7.3.2.6.1.0-129/hadoop-yarn-server-tests-2.7.3.2.6.1.0-129-tests.jar:/home/phaneesh/.m2/repository/org/apache/hadoop/hadoop-yarn-server-common/2.7.3.2.6.1.0-129/hadoop-yarn-server-common-2.7.3.2.6.1.0-129.jar:/home/phaneesh/.m2/repository/org/apache/hadoop/hadoop-yarn-registry/2.7.3.2.6.1.0-129/hadoop-yarn-registry-2.7.3.2.6.1.0-129.jar:/home/phaneesh/.m2/repository/org/apache/hadoop/hadoop-yarn-server-nodemanager/2.7.3.2.6.1.0-129/hadoop-yarn-server-nodemanager-2.7.3.2.6.1.0-129.jar:/home/phaneesh/.m2/repository/com/codahale/metrics/metrics-core/3.0.1/metrics-core-3.0.1.jar:/home/phaneesh/.m2/repository/org/apache/hadoop/hadoop-yarn-server-resourcemanager/2.7.3.2.6.1.0-129/hadoop-yarn-server-resourcemanager-2.7.3.2.6.1.0-129.jar:/home/phaneesh/.m2/repository/org/apache/hadoop/hadoop-yarn-server-applicationhistoryservice/2.7.3.2.6.1.0-129/hadoop-yarn-server-applicationhistoryservice-2.7.3.2.6.1.0-129.jar:/home/phaneesh/.m2/repository/de/ruedigermoeller/fst/2.24/fst-2.24.jar:/home/phaneesh/.m2/repository/org/javassist/javassist/3.18.1-GA/javassist-3.18.1-GA.jar:/home/phaneesh/.m2/repository/org/apache/zookeeper/zookeeper/3.4.6.2.6.1.0-129/zookeeper-3.4.6.2.6.1.0-129-tests.jar:/home/phaneesh/.m2/repository/org/apache/hadoop/hadoop-mapreduce-client-jobclient/2.7.3.2.6.1.0-129/hadoop-mapreduce-client-jobclient-2.7.3.2.6.1.0-129-tests.jar:/home/phaneesh/.m2/repository/org/apache/hadoop/hadoop-mapreduce-client-common/2.7.3.2.6.1.0-129/hadoop-mapreduce-client-common-2.7.3.2.6.1.0-129.jar:/home/phaneesh/.m2/repository/org/apache/hadoop/hadoop-yarn-client/2.7.3.2.6.1.0-129/hadoop-yarn-client-2.7.3.2.6.1.0-129.jar:/home/phaneesh/.m2/repository/org/apache/hadoop/hadoop-mapreduce-client-shuffle/2.7.3.2.6.1.0-129/hadoop-mapreduce-client-shuffle-2.7.3.2.6.1.0-129.jar:/home/phaneesh/.m2/repository/org/apache/hadoop/hadoop-mapreduce-client-app/2.7.3.2.6.1.0-129/hadoop-mapreduce-client-app-2.7.3.2.6.1.0-129.jar:/home/phaneesh/.m2/repository/org/apache/hadoop/hadoop-yarn-server-web-proxy/2.7.3.2.6.1.0-129/hadoop-yarn-server-web-proxy-2.7.3.2.6.1.0-129.jar:/home/phaneesh/.m2/repository/org/apache/hadoop/hadoop-yarn-api/2.7.3.2.6.1.0-129/hadoop-yarn-api-2.7.3.2.6.1.0-129.jar:/home/phaneesh/.m2/repository/org/apache/hadoop/hadoop-mapreduce-client-jobclient/2.7.3.2.6.1.0-129/hadoop-mapreduce-client-jobclient-2.7.3.2.6.1.0-129.jar:/home/phaneesh/.m2/repository/org/apache/hadoop/hadoop-mapreduce-client-hs/2.7.3.2.6.1.0-129/hadoop-mapreduce-client-hs-2.7.3.2.6.1.0-129.jar:/home/phaneesh/.m2/repository/org/apache/hbase/hbase-server/1.1.2.2.6.1.0-129/hbase-server-1.1.2.2.6.1.0-129-tests.jar:/home/phaneesh/.m2/repository/org/apache/hbase/hbase-hadoop2-compat/1.1.2.2.6.1.0-129/hbase-hadoop2-compat-1.1.2.2.6.1.0-129-tests.jar:/home/phaneesh/.m2/repository/org/apache/hbase/hbase-hadoop-compat/1.1.2.2.6.1.0-129/hbase-hadoop-compat-1.1.2.2.6.1.0-129-tests.jar:"/>
        <property name="java.vm.vendor" value="Oracle Corporation"/>
        <property name="sun.arch.data.model" value="64"/>
        <property name="java.vendor.url" value="http://java.oracle.com/"/>
        <property name="user.timezone" value=""/>
        <property name="java.vm.specification.version" value="1.8"/>
        <property name="os.name" value="Linux"/>
        <property name="user.country" value="IN"/>
        <property name="sun.java.launcher" value="SUN_STANDARD"/>
        <property name="sun.boot.library.path" value="/usr/lib/jvm/java-8-oracle/jre/lib/amd64"/>
        <property name="sun.java.command"
                  value="/home/phaneesh/devzone/oss/haxwell/target/surefire/surefirebooter1423323006286575954.jar /home/phaneesh/devzone/oss/haxwell/target/surefire 2019-06-13T19-40-18_823-jvmRun4 surefire4934272480631864749tmp surefire_23714084704131731049tmp"/>
        <property name="surefire.test.class.path"
                  value="/home/phaneesh/devzone/oss/haxwell/target/test-classes:/home/phaneesh/devzone/oss/haxwell/target/classes:/home/phaneesh/.m2/repository/org/apache/hbase/hbase-server/1.1.2.2.6.1.0-129/hbase-server-1.1.2.2.6.1.0-129.jar:/home/phaneesh/.m2/repository/org/apache/hbase/hbase-common/1.1.2.2.6.1.0-129/hbase-common-1.1.2.2.6.1.0-129.jar:/home/phaneesh/.m2/repository/org/apache/hbase/hbase-protocol/1.1.2.2.6.1.0-129/hbase-protocol-1.1.2.2.6.1.0-129.jar:/home/phaneesh/.m2/repository/org/apache/hbase/hbase-procedure/1.1.2.2.6.1.0-129/hbase-procedure-1.1.2.2.6.1.0-129.jar:/home/phaneesh/.m2/repository/org/apache/hbase/hbase-client/1.1.2.2.6.1.0-129/hbase-client-1.1.2.2.6.1.0-129.jar:/home/phaneesh/.m2/repository/org/apache/hbase/hbase-prefix-tree/1.1.2.2.6.1.0-129/hbase-prefix-tree-1.1.2.2.6.1.0-129.jar:/home/phaneesh/.m2/repository/org/apache/hadoop/hadoop-distcp/2.7.3.2.6.1.0-129/hadoop-distcp-2.7.3.2.6.1.0-129.jar:/home/phaneesh/.m2/repository/commons-codec/commons-codec/1.9/commons-codec-1.9.jar:/home/phaneesh/.m2/repository/commons-collections/commons-collections/3.2.2/commons-collections-3.2.2.jar:/home/phaneesh/.m2/repository/org/apache/hbase/hbase-hadoop-compat/1.1.2.2.6.1.0-129/hbase-hadoop-compat-1.1.2.2.6.1.0-129.jar:/home/phaneesh/.m2/repository/org/apache/hbase/hbase-hadoop2-compat/1.1.2.2.6.1.0-129/hbase-hadoop2-compat-1.1.2.2.6.1.0-129.jar:/home/phaneesh/.m2/repository/com/yammer/metrics/metrics-core/2.2.0/metrics-core-2.2.0.jar:/home/phaneesh/.m2/repository/org/slf4j/slf4j-api/1.7.2/slf4j-api-1.7.2.jar:/home/phaneesh/.m2/repository/com/google/guava/guava/12.0.1/guava-12.0.1.jar:/home/phaneesh/.m2/repository/com/google/code/findbugs/jsr305/1.3.9/jsr305-1.3.9.jar:/home/phaneesh/.m2/repository/com/google/protobuf/protobuf-java/2.5.0/protobuf-java-2.5.0.jar:/home/phaneesh/.m2/repository/com/sun/jersey/jersey-core/1.9/jersey-core-1.9.jar:/home/phaneesh/.m2/repository/com/sun/jersey/jersey-server/1.9/jersey-server-1.9.jar:/home/phaneesh/.m2/repository/asm/asm/3.1/asm-3.1.jar:/home/phaneesh/.m2/repository/commons-cli/commons-cli/1.2/commons-cli-1.2.jar:/home/phaneesh/.m2/repository/commons-io/commons-io/2.4/commons-io-2.4.jar:/home/phaneesh/.m2/repository/commons-lang/commons-lang/2.6/commons-lang-2.6.jar:/home/phaneesh/.m2/repository/commons-logging/commons-logging/1.2/commons-logging-1.2.jar:/home/phaneesh/.m2/repository/org/apache/commons/commons-math/2.2/commons-math-2.2.jar:/home/phaneesh/.m2/repository/log4j/log4j/1.2.17/log4j-1.2.17.jar:/home/phaneesh/.m2/repository/org/apache/zookeeper/zookeeper/3.4.6.2.6.1.0-129/zookeeper-3.4.6.2.6.1.0-129.jar:/home/phaneesh/.m2/repository/org/slf4j/slf4j-log4j12/1.6.1/slf4j-log4j12-1.6.1.jar:/home/phaneesh/.m2/repository/org/mortbay/jetty/jetty/6.1.26.hwx/jetty-6.1.26.hwx.jar:/home/phaneesh/.m2/repository/org/mortbay/jetty/jetty-util/6.1.26.hwx/jetty-util-6.1.26.hwx.jar:/home/phaneesh/.m2/repository/org/mortbay/jetty/jetty-sslengine/6.1.26.hwx/jetty-sslengine-6.1.26.hwx.jar:/home/phaneesh/.m2/repository/org/mortbay/jetty/jsp-2.1/6.1.14/jsp-2.1-6.1.14.jar:/home/phaneesh/.m2/repository/org/mortbay/jetty/jsp-api-2.1/6.1.14/jsp-api-2.1-6.1.14.jar:/home/phaneesh/.m2/repository/org/mortbay/jetty/servlet-api-2.5/6.1.14/servlet-api-2.5-6.1.14.jar:/home/phaneesh/.m2/repository/org/codehaus/jackson/jackson-core-asl/1.9.13/jackson-core-asl-1.9.13.jar:/home/phaneesh/.m2/repository/org/codehaus/jackson/jackson-mapper-asl/1.9.13/jackson-mapper-asl-1.9.13.jar:/home/phaneesh/.m2/repository/org/codehaus/jackson/jackson-jaxrs/1.9.13/jackson-jaxrs-1.9.13.jar:/home/phaneesh/.m2/repository/tomcat/jasper-compiler/5.5.23/jasper-compiler-5.5.23.jar:/home/phaneesh/.m2/repository/tomcat/jasper-runtime/5.5.23/jasper-runtime-5.5.23.jar:/home/phaneesh/.m2/repository/commons-el/commons-el/1.0/commons-el-1.0.jar:/home/phaneesh/.m2/repository/org/jamon/jamon-runtime/2.4.1/jamon-runtime-2.4.1.jar:/home/phaneesh/.m2/repository/io/netty/netty-all/4.0.23.Final/netty-all-4.0.23.Final.jar:/home/phaneesh/.m2/repository/org/apache/htrace/htrace-core/3.1.0-incubating/htrace-core-3.1.0-incubating.jar:/home/phaneesh/.m2/repository/com/lmax/disruptor/3.3.0/disruptor-3.3.0.jar:/home/phaneesh/.m2/repository/org/apache/hadoop/hadoop-common/2.7.3.2.6.1.0-129/hadoop-common-2.7.3.2.6.1.0-129.jar:/home/phaneesh/.m2/repository/org/apache/hadoop/hadoop-annotations/2.7.3.2.6.1.0-129/hadoop-annotations-2.7.3.2.6.1.0-129.jar:/home/phaneesh/.m2/repository/org/apache/commons/commons-math3/3.1.1/commons-math3-3.1.1.jar:/home/phaneesh/.m2/repository/xmlenc/xmlenc/0.52/xmlenc-0.52.jar:/home/phaneesh/.m2/repository/commons-net/commons-net/3.1/commons-net-3.1.jar:/home/phaneesh/.m2/repository/com/sun/jersey/jersey-json/1.9/jersey-json-1.9.jar:/home/phaneesh/.m2/repository/org/codehaus/jettison/jettison/1.1/jettison-1.1.jar:/home/phaneesh/.m2/repository/com/sun/xml/bind/jaxb-impl/2.2.3-1/jaxb-impl-2.2.3-1.jar:/home/phaneesh/.m2/repository/org/codehaus/jackson/jackson-xc/1.8.3/jackson-xc-1.8.3.jar:/home/phaneesh/.m2/repository/net/java/dev/jets3t/jets3t/0.9.0/jets3t-0.9.0.jar:/home/phaneesh/.m2/repository/org/apache/httpcomponents/httpcore/4.1.2/httpcore-4.1.2.jar:/home/phaneesh/.m2/repository/com/jamesmurty/utils/java-xmlbuilder/0.4/java-xmlbuilder-0.4.jar:/home/phaneesh/.m2/repository/com/microsoft/azure/azure-storage/4.2.0/azure-storage-4.2.0.jar:/home/phaneesh/.m2/repository/com/fasterxml/jackson/core/jackson-core/2.6.0/jackson-core-2.6.0.jar:/home/phaneesh/.m2/repository/org/apache/commons/commons-lang3/3.4/commons-lang3-3.4.jar:/home/phaneesh/.m2/repository/com/microsoft/azure/azure-keyvault-core/0.8.0/azure-keyvault-core-0.8.0.jar:/home/phaneesh/.m2/repository/commons-configuration/commons-configuration/1.6/commons-configuration-1.6.jar:/home/phaneesh/.m2/repository/commons-digester/commons-digester/1.8/commons-digester-1.8.jar:/home/phaneesh/.m2/repository/commons-beanutils/commons-beanutils/1.7.0/commons-beanutils-1.7.0.jar:/home/phaneesh/.m2/repository/commons-beanutils/commons-beanutils-core/1.8.0/commons-beanutils-core-1.8.0.jar:/home/phaneesh/.m2/repository/org/apache/avro/avro/1.7.4/avro-1.7.4.jar:/home/phaneesh/.m2/repository/com/thoughtworks/paranamer/paranamer/2.3/paranamer-2.3.jar:/home/phaneesh/.m2/repository/org/xerial/snappy/snappy-java/1.0.4.1/snappy-java-1.0.4.1.jar:/home/phaneesh/.m2/repository/com/google/code/gson/gson/2.2.4/gson-2.2.4.jar:/home/phaneesh/.m2/repository/com/jcraft/jsch/0.1.54/jsch-0.1.54.jar:/home/phaneesh/.m2/repository/org/apache/curator/curator-client/2.7.1/curator-client-2.7.1.jar:/home/phaneesh/.m2/repository/org/apache/curator/curator-recipes/2.7.1/curator-recipes-2.7.1.jar:/home/phaneesh/.m2/repository/org/apache/commons/commons-compress/1.4.1/commons-compress-1.4.1.jar:/home/phaneesh/.m2/repository/org/tukaani/xz/1.0/xz-1.0.jar:/home/phaneesh/.m2/repository/org/apache/hadoop/hadoop-auth/2.7.3.2.6.1.0-129/hadoop-auth-2.7.3.2.6.1.0-129.jar:/home/phaneesh/.m2/repository/org/apache/httpcomponents/httpclient/4.5.2/httpclient-4.5.2.jar:/home/phaneesh/.m2/repository/com/nimbusds/nimbus-jose-jwt/3.9/nimbus-jose-jwt-3.9.jar:/home/phaneesh/.m2/repository/net/jcip/jcip-annotations/1.0/jcip-annotations-1.0.jar:/home/phaneesh/.m2/repository/net/minidev/json-smart/1.1.1/json-smart-1.1.1.jar:/home/phaneesh/.m2/repository/org/apache/directory/server/apacheds-kerberos-codec/2.0.0-M15/apacheds-kerberos-codec-2.0.0-M15.jar:/home/phaneesh/.m2/repository/org/apache/directory/server/apacheds-i18n/2.0.0-M15/apacheds-i18n-2.0.0-M15.jar:/home/phaneesh/.m2/repository/org/apache/directory/api/api-asn1-api/1.0.0-M20/api-asn1-api-1.0.0-M20.jar:/home/phaneesh/.m2/repository/org/apache/directory/api/api-util/1.0.0-M20/api-util-1.0.0-M20.jar:/home/phaneesh/.m2/repository/org/apache/curator/curator-framework/2.7.1/curator-framework-2.7.1.jar:/home/phaneesh/.m2/repository/org/apache/hadoop/hadoop-client/2.7.3.2.6.1.0-129/hadoop-client-2.7.3.2.6.1.0-129.jar:/home/phaneesh/.m2/repository/org/apache/hadoop/hadoop-mapreduce-client-core/2.7.3.2.6.1.0-129/hadoop-mapreduce-client-core-2.7.3.2.6.1.0-129.jar:/home/phaneesh/.m2/repository/org/apache/hadoop/hadoop-yarn-common/2.7.3.2.6.1.0-129/hadoop-yarn-common-2.7.3.2.6.1.0-129.jar:/home/phaneesh/.m2/repository/javax/xml/bind/jaxb-api/2.2.2/jaxb-api-2.2.2.jar:/home/phaneesh/.m2/repository/javax/xml/stream/stax-api/1.0-2/stax-api-1.0-2.jar:/home/phaneesh/.m2/repository/javax/activation/activation/1.1/activation-1.1.jar:/home/phaneesh/.m2/repository/com/sun/jersey/jersey-client/1.9/jersey-client-1.9.jar:/home/phaneesh/.m2/repository/com/google/inject/guice/3.0/guice-3.0.jar:/home/phaneesh/.m2/repository/javax/inject/javax.inject/1/javax.inject-1.jar:/home/phaneesh/.m2/repository/aopalliance/aopalliance/1.0/aopalliance-1.0.jar:/home/phaneesh/.m2/repository/com/sun/jersey/contribs/jersey-guice/1.9/jersey-guice-1.9.jar:/home/phaneesh/.m2/repository/com/google/inject/extensions/guice-servlet/3.0/guice-servlet-3.0.jar:/home/phaneesh/.m2/repository/org/apache/hadoop/hadoop-hdfs/2.7.3.2.6.1.0-129/hadoop-hdfs-2.7.3.2.6.1.0-129.jar:/home/phaneesh/.m2/repository/com/squareup/okhttp/okhttp/2.4.0/okhttp-2.4.0.jar:/home/phaneesh/.m2/repository/com/squareup/okio/okio/1.4.0/okio-1.4.0.jar:/home/phaneesh/.m2/repository/commons-daemon/commons-daemon/1.0.13/commons-daemon-1.0.13.jar:/home/phaneesh/.m2/repository/io/netty/netty/3.6.2.Final/netty-3.6.2.Final.jar:/home/phaneesh/.m2/repository/xerces/xercesImpl/2.9.1/xercesImpl-2.9.1.jar:/home/phaneesh/.m2/repository/xml-apis/xml-apis/1.3.04/xml-apis-1.3.04.jar:/home/phaneesh/.m2/repository/org/fusesource/leveldbjni/leveldbjni-all/1.8/leveldbjni-all-1.8.jar:/home/phaneesh/.m2/repository/com/fasterxml/jackson/core/jackson-databind/2.2.3/jackson-databind-2.2.3.jar:/home/phaneesh/.m2/repository/com/fasterxml/jackson/core/jackson-annotations/2.2.3/jackson-annotations-2.2.3.jar:/home/phaneesh/.m2/repository/com/github/stephenc/findbugs/findbugs-annotations/1.3.9-1/findbugs-annotations-1.3.9-1.jar:/home/phaneesh/.m2/repository/org/projectlombok/lombok/1.18.2/lombok-1.18.2.jar:/home/phaneesh/.m2/repository/junit/junit/4.11/junit-4.11.jar:/home/phaneesh/.m2/repository/org/hamcrest/hamcrest-core/1.3/hamcrest-core-1.3.jar:/home/phaneesh/.m2/repository/org/mockito/mockito-core/2.23.4/mockito-core-2.23.4.jar:/home/phaneesh/.m2/repository/net/bytebuddy/byte-buddy/1.9.3/byte-buddy-1.9.3.jar:/home/phaneesh/.m2/repository/net/bytebuddy/byte-buddy-agent/1.9.3/byte-buddy-agent-1.9.3.jar:/home/phaneesh/.m2/repository/org/objenesis/objenesis/2.6/objenesis-2.6.jar:/home/phaneesh/.m2/repository/org/apache/hbase/hbase-client/1.1.2.2.6.1.0-129/hbase-client-1.1.2.2.6.1.0-129-tests.jar:/home/phaneesh/.m2/repository/org/apache/hbase/hbase-annotations/1.1.2.2.6.1.0-129/hbase-annotations-1.1.2.2.6.1.0-129.jar:/usr/lib/jvm/java-8-oracle/jre/../lib/tools.jar:/home/phaneesh/.m2/repository/org/jruby/jcodings/jcodings/1.0.8/jcodings-1.0.8.jar:/home/phaneesh/.m2/repository/org/jruby/joni/joni/2.1.2/joni-2.1.2.jar:/home/phaneesh/.m2/repository/org/apache/hbase/hbase-common/1.1.2.2.6.1.0-129/hbase-common-1.1.2.2.6.1.0-129-tests.jar:/home/phaneesh/.m2/repository/org/apache/hadoop/hadoop-minicluster/2.7.3.2.6.1.0-129/hadoop-minicluster-2.7.3.2.6.1.0-129.jar:/home/phaneesh/.m2/repository/org/apache/hadoop/hadoop-common/2.7.3.2.6.1.0-129/hadoop-common-2.7.3.2.6.1.0-129-tests.jar:/home/phaneesh/.m2/repository/javax/servlet/servlet-api/2.5/servlet-api-2.5.jar:/home/phaneesh/.m2/repository/javax/servlet/jsp/jsp-api/2.1/jsp-api-2.1.jar:/home/phaneesh/.m2/repository/org/apache/hadoop/hadoop-hdfs/2.7.3.2.6.1.0-129/hadoop-hdfs-2.7.3.2.6.1.0-129-tests.jar:/home/phaneesh/.m2/repository/org/apache/hadoop/hadoop-yarn-server-tests/2.7.3.2.6.1.0-129/hadoop-yarn-server-tests-2.7.3.2.6.1.0-129-tests.jar:/home/phaneesh/.m2/repository/org/apache/hadoop/hadoop-yarn-server-common/2.7.3.2.6.1.0-129/hadoop-yarn-server-common-2.7.3.2.6.1.0-129.jar:/home/phaneesh/.m2/repository/org/apache/hadoop/hadoop-yarn-registry/2.7.3.2.6.1.0-129/hadoop-yarn-registry-2.7.3.2.6.1.0-129.jar:/home/phaneesh/.m2/repository/org/apache/hadoop/hadoop-yarn-server-nodemanager/2.7.3.2.6.1.0-129/hadoop-yarn-server-nodemanager-2.7.3.2.6.1.0-129.jar:/home/phaneesh/.m2/repository/com/codahale/metrics/metrics-core/3.0.1/metrics-core-3.0.1.jar:/home/phaneesh/.m2/repository/org/apache/hadoop/hadoop-yarn-server-resourcemanager/2.7.3.2.6.1.0-129/hadoop-yarn-server-resourcemanager-2.7.3.2.6.1.0-129.jar:/home/phaneesh/.m2/repository/org/apache/hadoop/hadoop-yarn-server-applicationhistoryservice/2.7.3.2.6.1.0-129/hadoop-yarn-server-applicationhistoryservice-2.7.3.2.6.1.0-129.jar:/home/phaneesh/.m2/repository/de/ruedigermoeller/fst/2.24/fst-2.24.jar:/home/phaneesh/.m2/repository/org/javassist/javassist/3.18.1-GA/javassist-3.18.1-GA.jar:/home/phaneesh/.m2/repository/org/apache/zookeeper/zookeeper/3.4.6.2.6.1.0-129/zookeeper-3.4.6.2.6.1.0-129-tests.jar:/home/phaneesh/.m2/repository/org/apache/hadoop/hadoop-mapreduce-client-jobclient/2.7.3.2.6.1.0-129/hadoop-mapreduce-client-jobclient-2.7.3.2.6.1.0-129-tests.jar:/home/phaneesh/.m2/repository/org/apache/hadoop/hadoop-mapreduce-client-common/2.7.3.2.6.1.0-129/hadoop-mapreduce-client-common-2.7.3.2.6.1.0-129.jar:/home/phaneesh/.m2/repository/org/apache/hadoop/hadoop-yarn-client/2.7.3.2.6.1.0-129/hadoop-yarn-client-2.7.3.2.6.1.0-129.jar:/home/phaneesh/.m2/repository/org/apache/hadoop/hadoop-mapreduce-client-shuffle/2.7.3.2.6.1.0-129/hadoop-mapreduce-client-shuffle-2.7.3.2.6.1.0-129.jar:/home/phaneesh/.m2/repository/org/apache/hadoop/hadoop-mapreduce-client-app/2.7.3.2.6.1.0-129/hadoop-mapreduce-client-app-2.7.3.2.6.1.0-129.jar:/home/phaneesh/.m2/repository/org/apache/hadoop/hadoop-yarn-server-web-proxy/2.7.3.2.6.1.0-129/hadoop-yarn-server-web-proxy-2.7.3.2.6.1.0-129.jar:/home/phaneesh/.m2/repository/org/apache/hadoop/hadoop-yarn-api/2.7.3.2.6.1.0-129/hadoop-yarn-api-2.7.3.2.6.1.0-129.jar:/home/phaneesh/.m2/repository/org/apache/hadoop/hadoop-mapreduce-client-jobclient/2.7.3.2.6.1.0-129/hadoop-mapreduce-client-jobclient-2.7.3.2.6.1.0-129.jar:/home/phaneesh/.m2/repository/org/apache/hadoop/hadoop-mapreduce-client-hs/2.7.3.2.6.1.0-129/hadoop-mapreduce-client-hs-2.7.3.2.6.1.0-129.jar:/home/phaneesh/.m2/repository/org/apache/hbase/hbase-server/1.1.2.2.6.1.0-129/hbase-server-1.1.2.2.6.1.0-129-tests.jar:/home/phaneesh/.m2/repository/org/apache/hbase/hbase-hadoop2-compat/1.1.2.2.6.1.0-129/hbase-hadoop2-compat-1.1.2.2.6.1.0-129-tests.jar:/home/phaneesh/.m2/repository/org/apache/hbase/hbase-hadoop-compat/1.1.2.2.6.1.0-129/hbase-hadoop-compat-1.1.2.2.6.1.0-129-tests.jar:"/>
        <property name="sun.cpu.endian" value="little"/>
        <property name="user.home" value="/home/phaneesh"/>
        <property name="user.language" value="en"/>
        <property name="java.specification.vendor" value="Oracle Corporation"/>
        <property name="java.home" value="/usr/lib/jvm/java-8-oracle/jre"/>
        <property name="basedir" value="/home/phaneesh/devzone/oss/haxwell"/>
        <property name="file.separator" value="/"/>
        <property name="line.separator" value="&#10;"/>
        <property name="java.vm.specification.vendor" value="Oracle Corporation"/>
        <property name="java.specification.name" value="Java Platform API Specification"/>
        <property name="java.awt.graphicsenv" value="sun.awt.X11GraphicsEnvironment"/>
        <property name="surefire.real.class.path"
                  value="/home/phaneesh/devzone/oss/haxwell/target/surefire/surefirebooter1423323006286575954.jar"/>
        <property name="sun.boot.class.path"
                  value="/usr/lib/jvm/java-8-oracle/jre/lib/resources.jar:/usr/lib/jvm/java-8-oracle/jre/lib/rt.jar:/usr/lib/jvm/java-8-oracle/jre/lib/sunrsasign.jar:/usr/lib/jvm/java-8-oracle/jre/lib/jsse.jar:/usr/lib/jvm/java-8-oracle/jre/lib/jce.jar:/usr/lib/jvm/java-8-oracle/jre/lib/charsets.jar:/usr/lib/jvm/java-8-oracle/jre/lib/jfr.jar:/usr/lib/jvm/java-8-oracle/jre/classes"/>
        <property name="sun.management.compiler" value="HotSpot 64-Bit Tiered Compilers"/>
        <property name="java.runtime.version" value="1.8.0_161-b12"/>
        <property name="user.name" value="phaneesh"/>
        <property name="path.separator" value=":"/>
        <property name="os.version" value="5.0.0-16-generic"/>
        <property name="java.endorsed.dirs" value="/usr/lib/jvm/java-8-oracle/jre/lib/endorsed"/>
        <property name="java.runtime.name" value="Java(TM) SE Runtime Environment"/>
        <property name="file.encoding" value="UTF-8"/>
        <property name="java.vm.name" value="Java HotSpot(TM) 64-Bit Server VM"/>
        <property name="localRepository" value="/home/phaneesh/.m2/repository"/>
        <property name="java.vendor.url.bug" value="http://bugreport.sun.com/bugreport/"/>
        <property name="java.io.tmpdir" value="/tmp"/>
        <property name="java.version" value="1.8.0_161"/>
        <property name="user.dir" value="/home/phaneesh/devzone/oss/haxwell"/>
        <property name="os.arch" value="amd64"/>
        <property name="java.vm.specification.name" value="Java Virtual Machine Specification"/>
        <property name="java.awt.printerjob" value="sun.print.PSPrinterJob"/>
        <property name="sun.os.patch.level" value="unknown"/>
        <property name="java.library.path" value="/usr/java/packages/lib/amd64:/usr/lib64:/lib64:/lib:/usr/lib"/>
        <property name="java.vm.info" value="mixed mode"/>
        <property name="java.vendor" value="Oracle Corporation"/>
        <property name="java.vm.version" value="25.161-b12"/>
        <property name="java.ext.dirs" value="/usr/lib/jvm/java-8-oracle/jre/lib/ext:/usr/java/packages/lib/ext"/>
        <property name="sun.io.unicode.encoding" value="UnicodeLittle"/>
        <property name="java.class.version" value="52.0"/>
    </properties>
    <testcase name="testEvents_WithPayload" classname="com.hbase.haxwell.HaxwellIntegrationTest" time="1.218"/>
    <testcase name="testEvents_MultipleKeyValuesInSinglePut" classname="com.hbase.haxwell.HaxwellIntegrationTest"
              time="1.54"/>
    <testcase name="testEvents_SimpleSetOfPuts" classname="com.hbase.haxwell.HaxwellIntegrationTest" time="2.163"/>
</testsuite>